apr. 29, 2020 10:39:23 FM affix.java.effective.moneyservice.ServiceConfig readMoneyServiceConfigFile
INFO: Entering readMoneyServiceConfigFile method..
apr. 29, 2020 10:39:23 FM affix.java.effective.moneyservice.ServiceConfig readProjectConfigFile
INFO: Entering readProjectConfigFile method..
apr. 29, 2020 10:39:23 FM affix.java.effective.moneyservice.ServiceConfig readCurrencyConfigFile
INFO: Entering readCurrencyConfigFile method..
apr. 29, 2020 10:39:23 FM affix.java.effective.moneyservice.MoneyServiceApp main
INFO: -------Configuration_Ends-------

apr. 29, 2020 10:39:23 FM affix.java.effective.moneyservice.MoneyServiceApp CLIApplication
INFO: Entering CLIApplication -->
apr. 29, 2020 10:39:23 FM affix.java.effective.moneyservice.CLIHelper menuInput
INFO: Entering Main menu loop -->
apr. 29, 2020 10:39:26 FM affix.java.effective.moneyservice.CLIHelper menuInput
INFO: Exiting Main menu loop <--
apr. 29, 2020 10:39:26 FM affix.java.effective.moneyservice.CLIHelper orderRequest
INFO: Entering orderRequest method -->
apr. 29, 2020 10:39:32 FM affix.java.effective.moneyservice.CLIHelper orderRequest
INFO: Exiting orderRequest method <--
apr. 29, 2020 10:39:32 FM affix.java.effective.moneyservice.MoneyServiceApp CLIApplication
INFO: Order: Order [orderNr=1, mode=BUY, currencyCode=USD, amount=50]
apr. 29, 2020 10:39:32 FM affix.java.effective.moneyservice.ExchangeOffice buyMoney
INFO: Entering buyMoney method -->
apr. 29, 2020 10:39:32 FM affix.java.effective.moneyservice.ExchangeOffice buyMoney
INFO: Exiting buyMoney method <--
apr. 29, 2020 10:39:32 FM affix.java.effective.moneyservice.MoneyServiceApp CLIApplication
INFO: Completed BUY Transaction!

apr. 29, 2020 10:39:32 FM affix.java.effective.moneyservice.CLIHelper menuInput
INFO: Entering Main menu loop -->
apr. 29, 2020 10:39:33 FM affix.java.effective.moneyservice.CLIHelper menuInput
INFO: Exiting Main menu loop <--
apr. 29, 2020 10:39:33 FM affix.java.effective.moneyservice.MoneyServiceApp CLIApplication
INFO: Exiting CLIApplication <--
